# JRE version: Java(TM) SE Runtime Environment (8.0_201-b09) (build 1.8.0_201-b09)
# Java VM: Java HotSpot(TM) 64-Bit Server VM (25.201-b09 mixed mode windows-amd64 compressed oops)
Heap:
 PSYoungGen      total 220160K, used 176258K [0x00000000d6100000, 0x00000000e5100000, 0x0000000100000000)
  eden space 209408K, 79% used [0x00000000d6100000,0x00000000e0320730,0x00000000e2d80000)
  from space 10752K, 95% used [0x00000000e4680000,0x00000000e5080258,0x00000000e5100000)
  to   space 15872K, 0% used [0x00000000e3200000,0x00000000e3200000,0x00000000e4180000)
 ParOldGen       total 90112K, used 20199K [0x0000000082200000, 0x0000000087a00000, 0x00000000d6100000)
  object space 90112K, 22% used [0x0000000082200000,0x00000000835b9e00,0x0000000087a00000)
 Metaspace       used 49941K, capacity 52509K, committed 52864K, reserved 1095680K
  class space    used 6978K, capacity 7428K, committed 7552K, reserved 1048576K
GC Heap History (10 events):
Event: 2.763 GC heap before
{Heap before GC invocations=8 (full 1):
 PSYoungGen      total 109568K, used 109342K [0x00000000d6100000, 0x00000000dee00000, 0x0000000100000000)
  eden space 104960K, 100% used [0x00000000d6100000,0x00000000dc780000,0x00000000dc780000)
  from space 4608K, 95% used [0x00000000de980000,0x00000000dedc78d0,0x00000000dee00000)
  to   space 8704K, 0% used [0x00000000ddd00000,0x00000000ddd00000,0x00000000de580000)
 ParOldGen       total 54784K, used 7085K [0x0000000082200000, 0x0000000085780000, 0x00000000d6100000)
  object space 54784K, 12% used [0x0000000082200000,0x00000000828eb720,0x0000000085780000)
 Metaspace       used 26451K, capacity 27448K, committed 27648K, reserved 1073152K
  class space    used 3573K, capacity 3820K, committed 3840K, reserved 1048576K
Event: 2.770 GC heap after
Heap after GC invocations=8 (full 1):
 PSYoungGen      total 135680K, used 8673K [0x00000000d6100000, 0x00000000e1600000, 0x0000000100000000)
  eden space 126976K, 0% used [0x00000000d6100000,0x00000000d6100000,0x00000000ddd00000)
  from space 8704K, 99% used [0x00000000ddd00000,0x00000000de578410,0x00000000de580000)
  to   space 10240K, 0% used [0x00000000e0c00000,0x00000000e0c00000,0x00000000e1600000)
 ParOldGen       total 54784K, used 7449K [0x0000000082200000, 0x0000000085780000, 0x00000000d6100000)
  object space 54784K, 13% used [0x0000000082200000,0x00000000829467d8,0x0000000085780000)
 Metaspace       used 26451K, capacity 27448K, committed 27648K, reserved 1073152K
  class space    used 3573K, capacity 3820K, committed 3840K, reserved 1048576K
}
Event: 3.407 GC heap before
{Heap before GC invocations=9 (full 1):
 PSYoungGen      total 135680K, used 135649K [0x00000000d6100000, 0x00000000e1600000, 0x0000000100000000)
  eden space 126976K, 100% used [0x00000000d6100000,0x00000000ddd00000,0x00000000ddd00000)
  from space 8704K, 99% used [0x00000000ddd00000,0x00000000de578410,0x00000000de580000)
  to   space 10240K, 0% used [0x00000000e0c00000,0x00000000e0c00000,0x00000000e1600000)
 ParOldGen       total 54784K, used 7449K [0x0000000082200000, 0x0000000085780000, 0x00000000d6100000)
  object space 54784K, 13% used [0x0000000082200000,0x00000000829467d8,0x0000000085780000)
 Metaspace       used 31934K, capacity 33388K, committed 33536K, reserved 1079296K
  class space    used 4299K, capacity 4564K, committed 4608K, reserved 1048576K
Event: 3.419 GC heap after
Heap after GC invocations=9 (full 1):
 PSYoungGen      total 172544K, used 10228K [0x00000000d6100000, 0x00000000e3a80000, 0x0000000100000000)
  eden space 162304K, 0% used [0x00000000d6100000,0x00000000d6100000,0x00000000dff80000)
  from space 10240K, 99% used [0x00000000e0c00000,0x00000000e15fd030,0x00000000e1600000)
  to   space 12800K, 0% used [0x00000000dff80000,0x00000000dff80000,0x00000000e0c00000)
 ParOldGen       total 54784K, used 11251K [0x0000000082200000, 0x0000000085780000, 0x00000000d6100000)
  object space 54784K, 20% used [0x0000000082200000,0x0000000082cfcd28,0x0000000085780000)
 Metaspace       used 31934K, capacity 33388K, committed 33536K, reserved 1079296K
  class space    used 4299K, capacity 4564K, committed 4608K, reserved 1048576K
}
Event: 3.772 GC heap before
{Heap before GC invocations=10 (full 1):
 PSYoungGen      total 172544K, used 74796K [0x00000000d6100000, 0x00000000e3a80000, 0x0000000100000000)
  eden space 162304K, 39% used [0x00000000d6100000,0x00000000da00e2c0,0x00000000dff80000)
  from space 10240K, 99% used [0x00000000e0c00000,0x00000000e15fd030,0x00000000e1600000)
  to   space 12800K, 0% used [0x00000000dff80000,0x00000000dff80000,0x00000000e0c00000)
 ParOldGen       total 54784K, used 11251K [0x0000000082200000, 0x0000000085780000, 0x00000000d6100000)
  object space 54784K, 20% used [0x0000000082200000,0x0000000082cfcd28,0x0000000085780000)
 Metaspace       used 33705K, capacity 35316K, committed 35456K, reserved 1079296K
  class space    used 4579K, capacity 4898K, committed 4992K, reserved 1048576K
Event: 3.785 GC heap after
Heap after GC invocations=10 (full 1):
 PSYoungGen      total 175104K, used 12791K [0x00000000d6100000, 0x00000000e5600000, 0x0000000100000000)
  eden space 162304K, 0% used [0x00000000d6100000,0x00000000d6100000,0x00000000dff80000)
  from space 12800K, 99% used [0x00000000dff80000,0x00000000e0bfdf60,0x00000000e0c00000)
  to   space 15872K, 0% used [0x00000000e4680000,0x00000000e4680000,0x00000000e5600000)
 ParOldGen       total 54784K, used 13656K [0x0000000082200000, 0x0000000085780000, 0x00000000d6100000)
  object space 54784K, 24% used [0x0000000082200000,0x0000000082f560e8,0x0000000085780000)
 Metaspace       used 33705K, capacity 35316K, committed 35456K, reserved 1079296K
  class space    used 4579K, capacity 4898K, committed 4992K, reserved 1048576K
}
Event: 3.786 GC heap before
{Heap before GC invocations=11 (full 2):
 PSYoungGen      total 175104K, used 12791K [0x00000000d6100000, 0x00000000e5600000, 0x0000000100000000)
  eden space 162304K, 0% used [0x00000000d6100000,0x00000000d6100000,0x00000000dff80000)
  from space 12800K, 99% used [0x00000000dff80000,0x00000000e0bfdf60,0x00000000e0c00000)
  to   space 15872K, 0% used [0x00000000e4680000,0x00000000e4680000,0x00000000e5600000)
 ParOldGen       total 54784K, used 13656K [0x0000000082200000, 0x0000000085780000, 0x00000000d6100000)
  object space 54784K, 24% used [0x0000000082200000,0x0000000082f560e8,0x0000000085780000)
 Metaspace       used 33705K, capacity 35316K, committed 35456K, reserved 1079296K
  class space    used 4579K, capacity 4898K, committed 4992K, reserved 1048576K
Event: 3.847 GC heap after
Heap after GC invocations=11 (full 2):
 PSYoungGen      total 175104K, used 0K [0x00000000d6100000, 0x00000000e5600000, 0x0000000100000000)
  eden space 162304K, 0% used [0x00000000d6100000,0x00000000d6100000,0x00000000dff80000)
  from space 12800K, 0% used [0x00000000dff80000,0x00000000dff80000,0x00000000e0c00000)
  to   space 15872K, 0% used [0x00000000e4680000,0x00000000e4680000,0x00000000e5600000)
 ParOldGen       total 90112K, used 20191K [0x0000000082200000, 0x0000000087a00000, 0x00000000d6100000)
  object space 90112K, 22% used [0x0000000082200000,0x00000000835b7e00,0x0000000087a00000)
 Metaspace       used 33705K, capacity 35316K, committed 35456K, reserved 1079296K
  class space    used 4579K, capacity 4898K, committed 4992K, reserved 1048576K
}
Event: 4.952 GC heap before
{Heap before GC invocations=12 (full 2):
 PSYoungGen      total 175104K, used 162304K [0x00000000d6100000, 0x00000000e5600000, 0x0000000100000000)
  eden space 162304K, 100% used [0x00000000d6100000,0x00000000dff80000,0x00000000dff80000)
  from space 12800K, 0% used [0x00000000dff80000,0x00000000dff80000,0x00000000e0c00000)
  to   space 15872K, 0% used [0x00000000e4680000,0x00000000e4680000,0x00000000e5600000)
 ParOldGen       total 90112K, used 20191K [0x0000000082200000, 0x0000000087a00000, 0x00000000d6100000)
  object space 90112K, 22% used [0x0000000082200000,0x00000000835b7e00,0x0000000087a00000)
 Metaspace       used 41926K, capacity 44004K, committed 44160K, reserved 1087488K
  class space    used 5853K, capacity 6240K, committed 6272K, reserved 1048576K
Event: 4.961 GC heap after
Heap after GC invocations=12 (full 2):
 PSYoungGen      total 220160K, used 10240K [0x00000000d6100000, 0x00000000e5100000, 0x0000000100000000)
  eden space 209408K, 0% used [0x00000000d6100000,0x00000000d6100000,0x00000000e2d80000)
  from space 10752K, 95% used [0x00000000e4680000,0x00000000e5080258,0x00000000e5100000)
  to   space 15872K, 0% used [0x00000000e3200000,0x00000000e3200000,0x00000000e4180000)
 ParOldGen       total 90112K, used 20199K [0x0000000082200000, 0x0000000087a00000, 0x00000000d6100000)
  object space 90112K, 22% used [0x0000000082200000,0x00000000835b9e00,0x0000000087a00000)
 Metaspace       used 41926K, capacity 44004K, committed 44160K, reserved 1087488K
  class space    used 5853K, capacity 6240K, committed 6272K, reserved 1048576K
}

